2023-06-14 07:25:22.595 [cluster-ClusterId{value='6488d100791d741c43f1427a', description='null'}-kaje-shard-00-00.5sjul.mongodb.net:27017] INFO  org.mongodb.driver.cluster - Exception in monitor thread while connecting to server kaje-shard-00-00.5sjul.mongodb.net:27017
com.mongodb.MongoSocketReadException: Exception receiving message
	at com.mongodb.internal.connection.InternalStreamConnection.translateReadException(InternalStreamConnection.java:724)
	at com.mongodb.internal.connection.InternalStreamConnection.receiveMessageWithAdditionalTimeout(InternalStreamConnection.java:599)
	at com.mongodb.internal.connection.InternalStreamConnection.receiveCommandMessageResponse(InternalStreamConnection.java:440)
	at com.mongodb.internal.connection.InternalStreamConnection.receive(InternalStreamConnection.java:397)
	at com.mongodb.internal.connection.DefaultServerMonitor$ServerMonitorRunnable.lookupServerDescription(DefaultServerMonitor.java:227)
	at com.mongodb.internal.connection.DefaultServerMonitor$ServerMonitorRunnable.run(DefaultServerMonitor.java:159)
	at java.base/java.lang.Thread.run(Thread.java:833)
Caused by: java.net.SocketException: Connection reset
	at java.base/sun.nio.ch.SocketChannelImpl.throwConnectionReset(SocketChannelImpl.java:394)
	at java.base/sun.nio.ch.SocketChannelImpl.read(SocketChannelImpl.java:426)
	at com.mongodb.internal.connection.tlschannel.impl.TlsChannelImpl.readFromChannel(TlsChannelImpl.java:357)
	at com.mongodb.internal.connection.tlschannel.impl.TlsChannelImpl.readFromChannel(TlsChannelImpl.java:344)
	at com.mongodb.internal.connection.tlschannel.impl.TlsChannelImpl.readAndUnwrap(TlsChannelImpl.java:629)
	at com.mongodb.internal.connection.tlschannel.impl.TlsChannelImpl.read(TlsChannelImpl.java:236)
	at com.mongodb.internal.connection.tlschannel.ClientTlsChannel.read(ClientTlsChannel.java:168)
	at com.mongodb.internal.connection.tlschannel.async.AsynchronousTlsChannelGroup.readHandlingTasks(AsynchronousTlsChannelGroup.java:599)
	at com.mongodb.internal.connection.tlschannel.async.AsynchronousTlsChannelGroup.doRead(AsynchronousTlsChannelGroup.java:564)
	at com.mongodb.internal.connection.tlschannel.async.AsynchronousTlsChannelGroup.lambda$processRead$5(AsynchronousTlsChannelGroup.java:476)
	at java.base/java.util.concurrent.ThreadPoolExecutor.runWorker(ThreadPoolExecutor.java:1136)
	at java.base/java.util.concurrent.ThreadPoolExecutor$Worker.run(ThreadPoolExecutor.java:635)
	... 1 common frames omitted
2023-06-14 07:25:22.595 [cluster-ClusterId{value='6488d0fc791d741c43f14279', description='null'}-kaje-shard-00-00.5sjul.mongodb.net:27017] INFO  org.mongodb.driver.cluster - Exception in monitor thread while connecting to server kaje-shard-00-00.5sjul.mongodb.net:27017
com.mongodb.MongoSocketReadException: Exception receiving message
	at com.mongodb.internal.connection.InternalStreamConnection.translateReadException(InternalStreamConnection.java:724)
	at com.mongodb.internal.connection.InternalStreamConnection.receiveMessageWithAdditionalTimeout(InternalStreamConnection.java:599)
	at com.mongodb.internal.connection.InternalStreamConnection.receiveCommandMessageResponse(InternalStreamConnection.java:440)
	at com.mongodb.internal.connection.InternalStreamConnection.receive(InternalStreamConnection.java:397)
	at com.mongodb.internal.connection.DefaultServerMonitor$ServerMonitorRunnable.lookupServerDescription(DefaultServerMonitor.java:227)
	at com.mongodb.internal.connection.DefaultServerMonitor$ServerMonitorRunnable.run(DefaultServerMonitor.java:159)
	at java.base/java.lang.Thread.run(Thread.java:833)
Caused by: java.net.SocketException: Socket is closed
	at java.base/java.net.Socket.setSoTimeout(Socket.java:1218)
	at java.base/sun.security.ssl.BaseSSLSocketImpl.setSoTimeout(BaseSSLSocketImpl.java:638)
	at java.base/sun.security.ssl.SSLSocketImpl.setSoTimeout(SSLSocketImpl.java:74)
	at com.mongodb.internal.connection.SocketStream.read(SocketStream.java:140)
	at com.mongodb.internal.connection.InternalStreamConnection.receiveResponseBuffers(InternalStreamConnection.java:735)
	at com.mongodb.internal.connection.InternalStreamConnection.receiveMessageWithAdditionalTimeout(InternalStreamConnection.java:596)
	... 5 common frames omitted
2023-06-14 07:25:22.595 [cluster-ClusterId{value='6488d100791d741c43f1427a', description='null'}-kaje-shard-00-02.5sjul.mongodb.net:27017] INFO  org.mongodb.driver.cluster - Exception in monitor thread while connecting to server kaje-shard-00-02.5sjul.mongodb.net:27017
com.mongodb.MongoSocketReadException: Exception receiving message
	at com.mongodb.internal.connection.InternalStreamConnection.translateReadException(InternalStreamConnection.java:724)
	at com.mongodb.internal.connection.InternalStreamConnection.receiveMessageWithAdditionalTimeout(InternalStreamConnection.java:599)
	at com.mongodb.internal.connection.InternalStreamConnection.receiveCommandMessageResponse(InternalStreamConnection.java:440)
	at com.mongodb.internal.connection.InternalStreamConnection.receive(InternalStreamConnection.java:397)
	at com.mongodb.internal.connection.DefaultServerMonitor$ServerMonitorRunnable.lookupServerDescription(DefaultServerMonitor.java:227)
	at com.mongodb.internal.connection.DefaultServerMonitor$ServerMonitorRunnable.run(DefaultServerMonitor.java:159)
	at java.base/java.lang.Thread.run(Thread.java:833)
Caused by: java.net.SocketException: Connection reset
	at java.base/sun.nio.ch.SocketChannelImpl.throwConnectionReset(SocketChannelImpl.java:394)
	at java.base/sun.nio.ch.SocketChannelImpl.read(SocketChannelImpl.java:426)
	at com.mongodb.internal.connection.tlschannel.impl.TlsChannelImpl.readFromChannel(TlsChannelImpl.java:357)
	at com.mongodb.internal.connection.tlschannel.impl.TlsChannelImpl.readFromChannel(TlsChannelImpl.java:344)
	at com.mongodb.internal.connection.tlschannel.impl.TlsChannelImpl.readAndUnwrap(TlsChannelImpl.java:629)
	at com.mongodb.internal.connection.tlschannel.impl.TlsChannelImpl.read(TlsChannelImpl.java:236)
	at com.mongodb.internal.connection.tlschannel.ClientTlsChannel.read(ClientTlsChannel.java:168)
	at com.mongodb.internal.connection.tlschannel.async.AsynchronousTlsChannelGroup.readHandlingTasks(AsynchronousTlsChannelGroup.java:599)
	at com.mongodb.internal.connection.tlschannel.async.AsynchronousTlsChannelGroup.doRead(AsynchronousTlsChannelGroup.java:564)
	at com.mongodb.internal.connection.tlschannel.async.AsynchronousTlsChannelGroup.lambda$processRead$5(AsynchronousTlsChannelGroup.java:476)
	at java.base/java.util.concurrent.ThreadPoolExecutor.runWorker(ThreadPoolExecutor.java:1136)
	at java.base/java.util.concurrent.ThreadPoolExecutor$Worker.run(ThreadPoolExecutor.java:635)
	... 1 common frames omitted
2023-06-14 07:25:22.595 [cluster-ClusterId{value='6488d0fc791d741c43f14279', description='null'}-kaje-shard-00-01.5sjul.mongodb.net:27017] INFO  org.mongodb.driver.cluster - Exception in monitor thread while connecting to server kaje-shard-00-01.5sjul.mongodb.net:27017
com.mongodb.MongoSocketReadException: Exception receiving message
	at com.mongodb.internal.connection.InternalStreamConnection.translateReadException(InternalStreamConnection.java:724)
	at com.mongodb.internal.connection.InternalStreamConnection.receiveMessageWithAdditionalTimeout(InternalStreamConnection.java:599)
	at com.mongodb.internal.connection.InternalStreamConnection.receiveCommandMessageResponse(InternalStreamConnection.java:440)
	at com.mongodb.internal.connection.InternalStreamConnection.receive(InternalStreamConnection.java:397)
	at com.mongodb.internal.connection.DefaultServerMonitor$ServerMonitorRunnable.lookupServerDescription(DefaultServerMonitor.java:227)
	at com.mongodb.internal.connection.DefaultServerMonitor$ServerMonitorRunnable.run(DefaultServerMonitor.java:159)
	at java.base/java.lang.Thread.run(Thread.java:833)
Caused by: java.net.SocketException: Socket is closed
	at java.base/java.net.Socket.setSoTimeout(Socket.java:1218)
	at java.base/sun.security.ssl.BaseSSLSocketImpl.setSoTimeout(BaseSSLSocketImpl.java:638)
	at java.base/sun.security.ssl.SSLSocketImpl.setSoTimeout(SSLSocketImpl.java:74)
	at com.mongodb.internal.connection.SocketStream.read(SocketStream.java:140)
	at com.mongodb.internal.connection.InternalStreamConnection.receiveResponseBuffers(InternalStreamConnection.java:735)
	at com.mongodb.internal.connection.InternalStreamConnection.receiveMessageWithAdditionalTimeout(InternalStreamConnection.java:596)
	... 5 common frames omitted
2023-06-14 07:25:22.595 [cluster-ClusterId{value='6488d0fc791d741c43f14279', description='null'}-kaje-shard-00-02.5sjul.mongodb.net:27017] INFO  org.mongodb.driver.cluster - Exception in monitor thread while connecting to server kaje-shard-00-02.5sjul.mongodb.net:27017
com.mongodb.MongoSocketReadException: Exception receiving message
	at com.mongodb.internal.connection.InternalStreamConnection.translateReadException(InternalStreamConnection.java:724)
	at com.mongodb.internal.connection.InternalStreamConnection.receiveMessageWithAdditionalTimeout(InternalStreamConnection.java:599)
	at com.mongodb.internal.connection.InternalStreamConnection.receiveCommandMessageResponse(InternalStreamConnection.java:440)
	at com.mongodb.internal.connection.InternalStreamConnection.receive(InternalStreamConnection.java:397)
	at com.mongodb.internal.connection.DefaultServerMonitor$ServerMonitorRunnable.lookupServerDescription(DefaultServerMonitor.java:227)
	at com.mongodb.internal.connection.DefaultServerMonitor$ServerMonitorRunnable.run(DefaultServerMonitor.java:159)
	at java.base/java.lang.Thread.run(Thread.java:833)
Caused by: java.net.SocketException: Socket is closed
	at java.base/java.net.Socket.setSoTimeout(Socket.java:1218)
	at java.base/sun.security.ssl.BaseSSLSocketImpl.setSoTimeout(BaseSSLSocketImpl.java:638)
	at java.base/sun.security.ssl.SSLSocketImpl.setSoTimeout(SSLSocketImpl.java:74)
	at com.mongodb.internal.connection.SocketStream.read(SocketStream.java:140)
	at com.mongodb.internal.connection.InternalStreamConnection.receiveResponseBuffers(InternalStreamConnection.java:735)
	at com.mongodb.internal.connection.InternalStreamConnection.receiveMessageWithAdditionalTimeout(InternalStreamConnection.java:596)
	... 5 common frames omitted
2023-06-14 07:25:22.595 [cluster-ClusterId{value='6488d100791d741c43f1427a', description='null'}-kaje-shard-00-01.5sjul.mongodb.net:27017] INFO  org.mongodb.driver.cluster - Exception in monitor thread while connecting to server kaje-shard-00-01.5sjul.mongodb.net:27017
com.mongodb.MongoSocketReadException: Exception receiving message
	at com.mongodb.internal.connection.InternalStreamConnection.translateReadException(InternalStreamConnection.java:724)
	at com.mongodb.internal.connection.InternalStreamConnection.receiveMessageWithAdditionalTimeout(InternalStreamConnection.java:599)
	at com.mongodb.internal.connection.InternalStreamConnection.receiveCommandMessageResponse(InternalStreamConnection.java:440)
	at com.mongodb.internal.connection.InternalStreamConnection.receive(InternalStreamConnection.java:397)
	at com.mongodb.internal.connection.DefaultServerMonitor$ServerMonitorRunnable.lookupServerDescription(DefaultServerMonitor.java:227)
	at com.mongodb.internal.connection.DefaultServerMonitor$ServerMonitorRunnable.run(DefaultServerMonitor.java:159)
	at java.base/java.lang.Thread.run(Thread.java:833)
Caused by: java.net.SocketException: Connection reset
	at java.base/sun.nio.ch.SocketChannelImpl.throwConnectionReset(SocketChannelImpl.java:394)
	at java.base/sun.nio.ch.SocketChannelImpl.read(SocketChannelImpl.java:426)
	at com.mongodb.internal.connection.tlschannel.impl.TlsChannelImpl.readFromChannel(TlsChannelImpl.java:357)
	at com.mongodb.internal.connection.tlschannel.impl.TlsChannelImpl.readFromChannel(TlsChannelImpl.java:344)
	at com.mongodb.internal.connection.tlschannel.impl.TlsChannelImpl.readAndUnwrap(TlsChannelImpl.java:629)
	at com.mongodb.internal.connection.tlschannel.impl.TlsChannelImpl.read(TlsChannelImpl.java:236)
	at com.mongodb.internal.connection.tlschannel.ClientTlsChannel.read(ClientTlsChannel.java:168)
	at com.mongodb.internal.connection.tlschannel.async.AsynchronousTlsChannelGroup.readHandlingTasks(AsynchronousTlsChannelGroup.java:599)
	at com.mongodb.internal.connection.tlschannel.async.AsynchronousTlsChannelGroup.doRead(AsynchronousTlsChannelGroup.java:564)
	at com.mongodb.internal.connection.tlschannel.async.AsynchronousTlsChannelGroup.lambda$processRead$5(AsynchronousTlsChannelGroup.java:476)
	at java.base/java.util.concurrent.ThreadPoolExecutor.runWorker(ThreadPoolExecutor.java:1136)
	at java.base/java.util.concurrent.ThreadPoolExecutor$Worker.run(ThreadPoolExecutor.java:635)
	... 1 common frames omitted
2023-06-14 07:25:23.245 [cluster-ClusterId{value='6488d0fc791d741c43f14279', description='null'}-kaje-shard-00-00.5sjul.mongodb.net:27017] INFO  org.mongodb.driver.cluster - Monitor thread successfully connected to server with description ServerDescription{address=kaje-shard-00-00.5sjul.mongodb.net:27017, type=REPLICA_SET_SECONDARY, state=CONNECTED, ok=true, minWireVersion=0, maxWireVersion=17, maxDocumentSize=16777216, logicalSessionTimeoutMinutes=30, roundTripTimeNanos=377540900, setName='atlas-gebfb0-shard-0', canonicalAddress=kaje-shard-00-00.5sjul.mongodb.net:27017, hosts=[kaje-shard-00-02.5sjul.mongodb.net:27017, kaje-shard-00-01.5sjul.mongodb.net:27017, kaje-shard-00-00.5sjul.mongodb.net:27017], passives=[], arbiters=[], primary='kaje-shard-00-01.5sjul.mongodb.net:27017', tagSet=TagSet{[Tag{name='nodeType', value='ELECTABLE'}, Tag{name='provider', value='AWS'}, Tag{name='region', value='US_EAST_1'}, Tag{name='workloadType', value='OPERATIONAL'}]}, electionId=null, setVersion=7, topologyVersion=TopologyVersion{processId=6480fad5cb65c30a8d290274, counter=4}, lastWriteDate=Wed Jun 14 07:25:23 GMT-07:00 2023, lastUpdateTimeNanos=71270124107600}
2023-06-14 07:25:23.245 [cluster-ClusterId{value='6488d100791d741c43f1427a', description='null'}-kaje-shard-00-00.5sjul.mongodb.net:27017] INFO  org.mongodb.driver.cluster - Monitor thread successfully connected to server with description ServerDescription{address=kaje-shard-00-00.5sjul.mongodb.net:27017, type=REPLICA_SET_SECONDARY, state=CONNECTED, ok=true, minWireVersion=0, maxWireVersion=17, maxDocumentSize=16777216, logicalSessionTimeoutMinutes=30, roundTripTimeNanos=392914200, setName='atlas-gebfb0-shard-0', canonicalAddress=kaje-shard-00-00.5sjul.mongodb.net:27017, hosts=[kaje-shard-00-02.5sjul.mongodb.net:27017, kaje-shard-00-01.5sjul.mongodb.net:27017, kaje-shard-00-00.5sjul.mongodb.net:27017], passives=[], arbiters=[], primary='kaje-shard-00-01.5sjul.mongodb.net:27017', tagSet=TagSet{[Tag{name='nodeType', value='ELECTABLE'}, Tag{name='provider', value='AWS'}, Tag{name='region', value='US_EAST_1'}, Tag{name='workloadType', value='OPERATIONAL'}]}, electionId=null, setVersion=7, topologyVersion=TopologyVersion{processId=6480fad5cb65c30a8d290274, counter=4}, lastWriteDate=Wed Jun 14 07:25:23 GMT-07:00 2023, lastUpdateTimeNanos=71270125441100}
2023-06-14 07:25:23.245 [cluster-ClusterId{value='6488d100791d741c43f1427a', description='null'}-kaje-shard-00-02.5sjul.mongodb.net:27017] INFO  org.mongodb.driver.cluster - Monitor thread successfully connected to server with description ServerDescription{address=kaje-shard-00-02.5sjul.mongodb.net:27017, type=REPLICA_SET_SECONDARY, state=CONNECTED, ok=true, minWireVersion=0, maxWireVersion=17, maxDocumentSize=16777216, logicalSessionTimeoutMinutes=30, roundTripTimeNanos=400165800, setName='atlas-gebfb0-shard-0', canonicalAddress=kaje-shard-00-02.5sjul.mongodb.net:27017, hosts=[kaje-shard-00-02.5sjul.mongodb.net:27017, kaje-shard-00-01.5sjul.mongodb.net:27017, kaje-shard-00-00.5sjul.mongodb.net:27017], passives=[], arbiters=[], primary='kaje-shard-00-01.5sjul.mongodb.net:27017', tagSet=TagSet{[Tag{name='nodeType', value='ELECTABLE'}, Tag{name='provider', value='AWS'}, Tag{name='region', value='US_EAST_1'}, Tag{name='workloadType', value='OPERATIONAL'}]}, electionId=null, setVersion=7, topologyVersion=TopologyVersion{processId=6480fce1f01eb7adbc9aaeb7, counter=3}, lastWriteDate=Wed Jun 14 07:25:23 GMT-07:00 2023, lastUpdateTimeNanos=71270125601300}
2023-06-14 07:25:23.245 [cluster-ClusterId{value='6488d0fc791d741c43f14279', description='null'}-kaje-shard-00-01.5sjul.mongodb.net:27017] INFO  org.mongodb.driver.cluster - Monitor thread successfully connected to server with description ServerDescription{address=kaje-shard-00-01.5sjul.mongodb.net:27017, type=REPLICA_SET_PRIMARY, state=CONNECTED, ok=true, minWireVersion=0, maxWireVersion=17, maxDocumentSize=16777216, logicalSessionTimeoutMinutes=30, roundTripTimeNanos=412592000, setName='atlas-gebfb0-shard-0', canonicalAddress=kaje-shard-00-01.5sjul.mongodb.net:27017, hosts=[kaje-shard-00-02.5sjul.mongodb.net:27017, kaje-shard-00-01.5sjul.mongodb.net:27017, kaje-shard-00-00.5sjul.mongodb.net:27017], passives=[], arbiters=[], primary='kaje-shard-00-01.5sjul.mongodb.net:27017', tagSet=TagSet{[Tag{name='nodeType', value='ELECTABLE'}, Tag{name='provider', value='AWS'}, Tag{name='region', value='US_EAST_1'}, Tag{name='workloadType', value='OPERATIONAL'}]}, electionId=7fffffff00000000000000b6, setVersion=7, topologyVersion=TopologyVersion{processId=6480fbf45a760c6083542693, counter=6}, lastWriteDate=Wed Jun 14 07:25:23 GMT-07:00 2023, lastUpdateTimeNanos=71270124112300}
2023-06-14 07:25:23.245 [cluster-ClusterId{value='6488d100791d741c43f1427a', description='null'}-kaje-shard-00-01.5sjul.mongodb.net:27017] INFO  org.mongodb.driver.cluster - Monitor thread successfully connected to server with description ServerDescription{address=kaje-shard-00-01.5sjul.mongodb.net:27017, type=REPLICA_SET_PRIMARY, state=CONNECTED, ok=true, minWireVersion=0, maxWireVersion=17, maxDocumentSize=16777216, logicalSessionTimeoutMinutes=30, roundTripTimeNanos=412901600, setName='atlas-gebfb0-shard-0', canonicalAddress=kaje-shard-00-01.5sjul.mongodb.net:27017, hosts=[kaje-shard-00-02.5sjul.mongodb.net:27017, kaje-shard-00-01.5sjul.mongodb.net:27017, kaje-shard-00-00.5sjul.mongodb.net:27017], passives=[], arbiters=[], primary='kaje-shard-00-01.5sjul.mongodb.net:27017', tagSet=TagSet{[Tag{name='nodeType', value='ELECTABLE'}, Tag{name='provider', value='AWS'}, Tag{name='region', value='US_EAST_1'}, Tag{name='workloadType', value='OPERATIONAL'}]}, electionId=7fffffff00000000000000b6, setVersion=7, topologyVersion=TopologyVersion{processId=6480fbf45a760c6083542693, counter=6}, lastWriteDate=Wed Jun 14 07:25:23 GMT-07:00 2023, lastUpdateTimeNanos=71270125598800}
2023-06-14 07:25:23.245 [cluster-ClusterId{value='6488d0fc791d741c43f14279', description='null'}-kaje-shard-00-02.5sjul.mongodb.net:27017] INFO  org.mongodb.driver.cluster - Monitor thread successfully connected to server with description ServerDescription{address=kaje-shard-00-02.5sjul.mongodb.net:27017, type=REPLICA_SET_SECONDARY, state=CONNECTED, ok=true, minWireVersion=0, maxWireVersion=17, maxDocumentSize=16777216, logicalSessionTimeoutMinutes=30, roundTripTimeNanos=398965500, setName='atlas-gebfb0-shard-0', canonicalAddress=kaje-shard-00-02.5sjul.mongodb.net:27017, hosts=[kaje-shard-00-02.5sjul.mongodb.net:27017, kaje-shard-00-01.5sjul.mongodb.net:27017, kaje-shard-00-00.5sjul.mongodb.net:27017], passives=[], arbiters=[], primary='kaje-shard-00-01.5sjul.mongodb.net:27017', tagSet=TagSet{[Tag{name='nodeType', value='ELECTABLE'}, Tag{name='provider', value='AWS'}, Tag{name='region', value='US_EAST_1'}, Tag{name='workloadType', value='OPERATIONAL'}]}, electionId=null, setVersion=7, topologyVersion=TopologyVersion{processId=6480fce1f01eb7adbc9aaeb7, counter=3}, lastWriteDate=Wed Jun 14 07:25:23 GMT-07:00 2023, lastUpdateTimeNanos=71270124107600}
2023-06-14 07:25:23.247 [cluster-ClusterId{value='6488d100791d741c43f1427a', description='null'}-kaje-shard-00-01.5sjul.mongodb.net:27017] INFO  org.mongodb.driver.cluster - Discovered replica set primary kaje-shard-00-01.5sjul.mongodb.net:27017 with max election id 7fffffff00000000000000b6 and max set version 7
2023-06-14 07:25:23.247 [cluster-ClusterId{value='6488d0fc791d741c43f14279', description='null'}-kaje-shard-00-01.5sjul.mongodb.net:27017] INFO  org.mongodb.driver.cluster - Discovered replica set primary kaje-shard-00-01.5sjul.mongodb.net:27017 with max election id 7fffffff00000000000000b6 and max set version 7
